<?xml version="1.0" encoding="UTF-8"?>
<!-- Generated by org.testng.reporters.JUnitReportReporter -->
<testsuite skipped="0" hostname="LAPTOP-4TCBEO4U" name="NewTest" tests="1" failures="0" timestamp="04 Dec 2018 18:08:42 GMT" time="0.012" errors="0">
  <testcase name="f" time="0.012" classname="NewTest"/>
</testsuite> <!-- NewTest -->
